<?xml version="1.0" encoding="UTF-8"?>
<testng-results skipped="0" failed="0" ignored="0" total="1" passed="1">
  <reporter-output>
  </reporter-output>
  <suite name="Suite" duration-ms="30" started-at="2019-01-09T10:55:57Z" finished-at="2019-01-09T10:55:57Z">
    <groups>
    </groups>
    <test name="Test" duration-ms="30" started-at="2019-01-09T10:55:57Z" finished-at="2019-01-09T10:55:57Z">
      <class name="seleniumcoaching.TestNGConfigAnnotation">
        <test-method status="PASS" signature="beforeSuite()[pri:0, instance:seleniumcoaching.TestNGConfigAnnotation@2ef9b8bc]" name="beforeSuite" is-config="true" duration-ms="20" started-at="2019-01-09T10:55:57Z" finished-at="2019-01-09T10:55:57Z">
          <reporter-output>
          </reporter-output>
        </test-method> <!-- beforeSuite -->
        <test-method status="PASS" signature="beforeTest()[pri:0, instance:seleniumcoaching.TestNGConfigAnnotation@2ef9b8bc]" name="beforeTest" is-config="true" duration-ms="0" started-at="2019-01-09T10:55:57Z" finished-at="2019-01-09T10:55:57Z">
          <reporter-output>
          </reporter-output>
        </test-method> <!-- beforeTest -->
        <test-method status="PASS" signature="beforeClass()[pri:0, instance:seleniumcoaching.TestNGConfigAnnotation@2ef9b8bc]" name="beforeClass" is-config="true" duration-ms="0" started-at="2019-01-09T10:55:57Z" finished-at="2019-01-09T10:55:57Z">
          <reporter-output>
          </reporter-output>
        </test-method> <!-- beforeClass -->
        <test-method status="PASS" signature="afterMethod()[pri:0, instance:seleniumcoaching.TestNGConfigAnnotation@2ef9b8bc]" name="afterMethod" is-config="true" duration-ms="0" started-at="2019-01-09T10:55:57Z" finished-at="2019-01-09T10:55:57Z">
          <reporter-output>
          </reporter-output>
        </test-method> <!-- afterMethod -->
        <test-method status="PASS" signature="afterClass()[pri:0, instance:seleniumcoaching.TestNGConfigAnnotation@2ef9b8bc]" name="afterClass" is-config="true" duration-ms="0" started-at="2019-01-09T10:55:57Z" finished-at="2019-01-09T10:55:57Z">
          <reporter-output>
          </reporter-output>
        </test-method> <!-- afterClass -->
        <test-method status="PASS" signature="f()[pri:0, instance:seleniumcoaching.TestNGConfigAnnotation@2ef9b8bc]" name="f" duration-ms="0" started-at="2019-01-09T10:55:57Z" finished-at="2019-01-09T10:55:57Z">
          <reporter-output>
          </reporter-output>
        </test-method> <!-- f -->
        <test-method status="PASS" signature="beforeMethod()[pri:0, instance:seleniumcoaching.TestNGConfigAnnotation@2ef9b8bc]" name="beforeMethod" is-config="true" duration-ms="0" started-at="2019-01-09T10:55:57Z" finished-at="2019-01-09T10:55:57Z">
          <reporter-output>
          </reporter-output>
        </test-method> <!-- beforeMethod -->
        <test-method status="PASS" signature="afterTest()[pri:0, instance:seleniumcoaching.TestNGConfigAnnotation@2ef9b8bc]" name="afterTest" is-config="true" duration-ms="0" started-at="2019-01-09T10:55:57Z" finished-at="2019-01-09T10:55:57Z">
          <reporter-output>
          </reporter-output>
        </test-method> <!-- afterTest -->
        <test-method status="PASS" signature="afterSuite()[pri:0, instance:seleniumcoaching.TestNGConfigAnnotation@2ef9b8bc]" name="afterSuite" is-config="true" duration-ms="0" started-at="2019-01-09T10:55:57Z" finished-at="2019-01-09T10:55:57Z">
          <reporter-output>
          </reporter-output>
        </test-method> <!-- afterSuite -->
      </class> <!-- seleniumcoaching.TestNGConfigAnnotation -->
    </test> <!-- Test -->
  </suite> <!-- Suite -->
</testng-results>
