<?xml version="1.0" encoding="UTF-8"?>
<testng-results skipped="0" failed="0" ignored="0" total="1" passed="1">
  <reporter-output>
  </reporter-output>
  <suite name="Default suite" duration-ms="70" started-at="2019-01-28T09:02:17Z" finished-at="2019-01-28T09:02:17Z">
    <groups>
    </groups>
    <test name="Default test" duration-ms="70" started-at="2019-01-28T09:02:17Z" finished-at="2019-01-28T09:02:17Z">
      <class name="seleniumcoaching.MavenTest">
        <test-method status="PASS" signature="beforeMethod()[pri:0, instance:seleniumcoaching.MavenTest@8bd1b6a]" name="beforeMethod" is-config="true" duration-ms="20" started-at="2019-01-28T09:02:17Z" finished-at="2019-01-28T09:02:17Z">
          <reporter-output>
          </reporter-output>
        </test-method> <!-- beforeMethod -->
        <test-method status="PASS" signature="f()[pri:0, instance:seleniumcoaching.MavenTest@8bd1b6a]" name="f" duration-ms="10" started-at="2019-01-28T09:02:17Z" finished-at="2019-01-28T09:02:17Z">
          <reporter-output>
          </reporter-output>
        </test-method> <!-- f -->
        <test-method status="PASS" signature="afterMethod()[pri:0, instance:seleniumcoaching.MavenTest@8bd1b6a]" name="afterMethod" is-config="true" duration-ms="0" started-at="2019-01-28T09:02:17Z" finished-at="2019-01-28T09:02:17Z">
          <reporter-output>
          </reporter-output>
        </test-method> <!-- afterMethod -->
      </class> <!-- seleniumcoaching.MavenTest -->
    </test> <!-- Default test -->
  </suite> <!-- Default suite -->
</testng-results>
